{"level":"info","message":"🚀 Server running in development mode on port 5000","timestamp":"2026-03-15 16:03:34"}
{"level":"info","message":"📡 API Base URL: http://localhost:5000/api/v1","timestamp":"2026-03-15 16:03:34"}
{"level":"info","message":"🔌 Socket.IO ready for real-time video interviews","timestamp":"2026-03-15 16:03:34"}
{"level":"info","message":"✅ MongoDB Connected: localhost","timestamp":"2026-03-15 16:03:34"}
{"level":"info","message":"🚀 Server running in development mode on port 5000","timestamp":"2026-03-15 17:35:27"}
{"level":"info","message":"📡 API Base URL: http://localhost:5000/api/v1","timestamp":"2026-03-15 17:35:27"}
{"level":"info","message":"🔌 Socket.IO ready for real-time video interviews","timestamp":"2026-03-15 17:35:27"}
{"level":"info","message":"✅ MongoDB Connected: localhost","timestamp":"2026-03-15 17:35:27"}
{"level":"info","message":"🚀 Server running in development mode on port 5000","timestamp":"2026-03-15 17:56:57"}
{"level":"info","message":"📡 API Base URL: http://localhost:5000/api/v1","timestamp":"2026-03-15 17:56:57"}
{"level":"info","message":"🔌 Socket.IO ready for real-time video interviews","timestamp":"2026-03-15 17:56:57"}
{"level":"info","message":"✅ MongoDB Connected: localhost","timestamp":"2026-03-15 17:56:57"}
{"level":"info","message":"🚀 Server running in development mode on port 5000","timestamp":"2026-03-15 18:01:27"}
{"level":"info","message":"📡 API Base URL: http://localhost:5000/api/v1","timestamp":"2026-03-15 18:01:27"}
{"level":"info","message":"🔌 Socket.IO ready for real-time video interviews","timestamp":"2026-03-15 18:01:27"}
{"level":"info","message":"✅ MongoDB Connected: localhost","timestamp":"2026-03-15 18:01:27"}
{"level":"error","message":"MongoServerError: E11000 duplicate key error collection: ai_resume_analyzer.users index: email_1 dup key: { email: \"manogna.bollepalli@gmail.com\" }","stack":"MongoServerError: E11000 duplicate key error collection: ai_resume_analyzer.users index: email_1 dup key: { email: \"manogna.bollepalli@gmail.com\" }\n    at InsertOneOperation.handleOk (D:\\MCA Project\\AI-Powered Resume Backend\\AI-Resume_Backend\\node_modules\\mongodb\\lib\\operations\\insert.js:51:19)\n    at tryOperation (D:\\MCA Project\\AI-Powered Resume Backend\\AI-Resume_Backend\\node_modules\\mongodb\\lib\\operations\\execute_operation.js:214:34)\n    at process.processTicksAndRejections (node:internal/process/task_queues:95:5)\n    at async executeOperation (D:\\MCA Project\\AI-Powered Resume Backend\\AI-Resume_Backend\\node_modules\\mongodb\\lib\\operations\\execute_operation.js:78:16)\n    at async Collection.insertOne (D:\\MCA Project\\AI-Powered Resume Backend\\AI-Resume_Backend\\node_modules\\mongodb\\lib\\collection.js:154:16)","timestamp":"2026-03-15 18:20:54","url":"/api/v1/auth/register"}
{"level":"error","message":"MongoServerError: E11000 duplicate key error collection: ai_resume_analyzer.users index: email_1 dup key: { email: \"manogna.bollepalli@gmail.com\" }","stack":"MongoServerError: E11000 duplicate key error collection: ai_resume_analyzer.users index: email_1 dup key: { email: \"manogna.bollepalli@gmail.com\" }\n    at InsertOneOperation.handleOk (D:\\MCA Project\\AI-Powered Resume Backend\\AI-Resume_Backend\\node_modules\\mongodb\\lib\\operations\\insert.js:51:19)\n    at tryOperation (D:\\MCA Project\\AI-Powered Resume Backend\\AI-Resume_Backend\\node_modules\\mongodb\\lib\\operations\\execute_operation.js:214:34)\n    at process.processTicksAndRejections (node:internal/process/task_queues:95:5)\n    at async executeOperation (D:\\MCA Project\\AI-Powered Resume Backend\\AI-Resume_Backend\\node_modules\\mongodb\\lib\\operations\\execute_operation.js:78:16)\n    at async Collection.insertOne (D:\\MCA Project\\AI-Powered Resume Backend\\AI-Resume_Backend\\node_modules\\mongodb\\lib\\collection.js:154:16)","timestamp":"2026-03-15 18:20:54","url":"/api/v1/auth/register"}
{"level":"error","message":"MongoServerError: E11000 duplicate key error collection: ai_resume_analyzer.users index: email_1 dup key: { email: \"manogna.bollepalli@gmail.com\" }","stack":"MongoServerError: E11000 duplicate key error collection: ai_resume_analyzer.users index: email_1 dup key: { email: \"manogna.bollepalli@gmail.com\" }\n    at InsertOneOperation.handleOk (D:\\MCA Project\\AI-Powered Resume Backend\\AI-Resume_Backend\\node_modules\\mongodb\\lib\\operations\\insert.js:51:19)\n    at tryOperation (D:\\MCA Project\\AI-Powered Resume Backend\\AI-Resume_Backend\\node_modules\\mongodb\\lib\\operations\\execute_operation.js:214:34)\n    at process.processTicksAndRejections (node:internal/process/task_queues:95:5)\n    at async executeOperation (D:\\MCA Project\\AI-Powered Resume Backend\\AI-Resume_Backend\\node_modules\\mongodb\\lib\\operations\\execute_operation.js:78:16)\n    at async Collection.insertOne (D:\\MCA Project\\AI-Powered Resume Backend\\AI-Resume_Backend\\node_modules\\mongodb\\lib\\collection.js:154:16)","timestamp":"2026-03-15 18:20:55","url":"/api/v1/auth/register"}
{"level":"error","message":"MongoServerError: E11000 duplicate key error collection: ai_resume_analyzer.users index: email_1 dup key: { email: \"manogna.bollepalli@gmail.com\" }","stack":"MongoServerError: E11000 duplicate key error collection: ai_resume_analyzer.users index: email_1 dup key: { email: \"manogna.bollepalli@gmail.com\" }\n    at InsertOneOperation.handleOk (D:\\MCA Project\\AI-Powered Resume Backend\\AI-Resume_Backend\\node_modules\\mongodb\\lib\\operations\\insert.js:51:19)\n    at tryOperation (D:\\MCA Project\\AI-Powered Resume Backend\\AI-Resume_Backend\\node_modules\\mongodb\\lib\\operations\\execute_operation.js:214:34)\n    at process.processTicksAndRejections (node:internal/process/task_queues:95:5)\n    at async executeOperation (D:\\MCA Project\\AI-Powered Resume Backend\\AI-Resume_Backend\\node_modules\\mongodb\\lib\\operations\\execute_operation.js:78:16)\n    at async Collection.insertOne (D:\\MCA Project\\AI-Powered Resume Backend\\AI-Resume_Backend\\node_modules\\mongodb\\lib\\collection.js:154:16)","timestamp":"2026-03-15 18:20:55","url":"/api/v1/auth/register"}
{"level":"error","message":"MongoServerError: E11000 duplicate key error collection: ai_resume_analyzer.users index: email_1 dup key: { email: \"manogna.bollepalli@gmail.com\" }","stack":"MongoServerError: E11000 duplicate key error collection: ai_resume_analyzer.users index: email_1 dup key: { email: \"manogna.bollepalli@gmail.com\" }\n    at InsertOneOperation.handleOk (D:\\MCA Project\\AI-Powered Resume Backend\\AI-Resume_Backend\\node_modules\\mongodb\\lib\\operations\\insert.js:51:19)\n    at tryOperation (D:\\MCA Project\\AI-Powered Resume Backend\\AI-Resume_Backend\\node_modules\\mongodb\\lib\\operations\\execute_operation.js:214:34)\n    at process.processTicksAndRejections (node:internal/process/task_queues:95:5)\n    at async executeOperation (D:\\MCA Project\\AI-Powered Resume Backend\\AI-Resume_Backend\\node_modules\\mongodb\\lib\\operations\\execute_operation.js:78:16)\n    at async Collection.insertOne (D:\\MCA Project\\AI-Powered Resume Backend\\AI-Resume_Backend\\node_modules\\mongodb\\lib\\collection.js:154:16)","timestamp":"2026-03-15 18:20:55","url":"/api/v1/auth/register"}
{"level":"info","message":"🚀 Server running in development mode on port 5000","timestamp":"2026-03-15 20:46:14"}
{"level":"info","message":"📡 API Base URL: http://localhost:5000/api/v1","timestamp":"2026-03-15 20:46:14"}
{"level":"info","message":"🔌 Socket.IO ready for real-time video interviews","timestamp":"2026-03-15 20:46:14"}
{"level":"info","message":"✅ MongoDB Connected: localhost","timestamp":"2026-03-15 20:46:14"}
{"level":"info","message":"🚀 Server running in development mode on port 5000","timestamp":"2026-03-29 13:30:38"}
{"level":"info","message":"📡 API Base URL: http://localhost:5000/api/v1","timestamp":"2026-03-29 13:30:38"}
{"level":"info","message":"🔌 Socket.IO ready for real-time video interviews","timestamp":"2026-03-29 13:30:38"}
{"level":"info","message":"✅ MongoDB Connected: localhost","timestamp":"2026-03-29 13:30:39"}
{"level":"info","message":"🚀 Server running in development mode on port 5000","timestamp":"2026-04-18 18:36:54"}
{"level":"info","message":"📡 API Base URL: http://localhost:5000/api/v1","timestamp":"2026-04-18 18:36:54"}
{"level":"info","message":"🔌 Socket.IO ready for real-time video interviews","timestamp":"2026-04-18 18:36:54"}
{"level":"info","message":"✅ MongoDB Connected: localhost","timestamp":"2026-04-18 18:36:54"}
{"level":"info","message":"🚀 Server running in development mode on port 5000","timestamp":"2026-04-21 23:31:25"}
{"level":"info","message":"📡 API Base URL: http://localhost:5000/api/v1","timestamp":"2026-04-21 23:31:25"}
{"level":"info","message":"🔌 Socket.IO ready for real-time video interviews","timestamp":"2026-04-21 23:31:25"}
{"level":"info","message":"✅ MongoDB Connected: localhost","timestamp":"2026-04-21 23:31:25"}
{"level":"info","message":"🚀 Server running in development mode on port 5000","timestamp":"2026-06-18 23:32:52"}
{"level":"info","message":"📡 API Base URL: http://localhost:5000/api/v1","timestamp":"2026-06-18 23:32:52"}
{"level":"info","message":"🔌 Socket.IO ready for real-time video interviews","timestamp":"2026-06-18 23:32:52"}
{"level":"info","message":"✅ MongoDB Connected: localhost","timestamp":"2026-06-18 23:32:52"}
